[INFO] [main] 05-09 16:20:08,368 [MessageCallbackFacade] - 初始化回调器com.scienjus.smartqq.turning.TurningCallback
[DEBUG] [main] 05-09 16:20:09,085 [SmartQQClient] - 开始获取二维码
[INFO] [main] 05-09 16:20:13,762 [SmartQQClient] - 二维码已保存在 D:\Document\Other\smartqq\qrcode.png 文件中，请打开手机QQ并扫描二维码
[DEBUG] [main] 05-09 16:20:13,762 [SmartQQClient] - 等待扫描二维码
[INFO] [main] 05-09 16:21:18,161 [MessageCallbackFacade] - 初始化回调器com.scienjus.smartqq.turning.TurningCallback
[DEBUG] [main] 05-09 16:21:18,581 [SmartQQClient] - 开始获取二维码
[INFO] [main] 05-09 16:21:38,676 [MessageCallbackFacade] - 初始化回调器com.scienjus.smartqq.turning.TurningCallback
[DEBUG] [main] 05-09 16:21:39,143 [SmartQQClient] - 开始获取二维码
[INFO] [main] 05-09 16:21:59,639 [SmartQQClient] - 二维码已保存在 D:\Document\Other\smartqq\qrcode.png 文件中，请打开手机QQ并扫描二维码
[DEBUG] [main] 05-09 16:21:59,639 [SmartQQClient] - 等待扫描二维码
[INFO] [main] 05-09 16:24:31,192 [MessageCallbackFacade] - 初始化回调器com.scienjus.smartqq.turning.TurningCallback
[DEBUG] [main] 05-09 16:24:31,614 [SmartQQClient] - 开始获取二维码
[INFO] [main] 05-09 16:24:45,889 [SmartQQClient] - 二维码已保存在 D:\Document\Other\smartqq\qrcode.png 文件中，请打开手机QQ并扫描二维码
[DEBUG] [main] 05-09 16:24:45,889 [SmartQQClient] - 等待扫描二维码
[INFO] [main] 05-09 16:24:59,802 [SmartQQClient] - 正在登录，请稍后
[DEBUG] [main] 05-09 16:24:59,802 [SmartQQClient] - 开始获取ptwebqq
[DEBUG] [main] 05-09 16:25:00,718 [SmartQQClient] - 开始获取vfwebqq
[DEBUG] [main] 05-09 16:25:01,280 [SmartQQClient] - 开始获取uin和psessionid
[DEBUG] [main] 05-09 16:25:01,452 [SmartQQClient] - 开始获取好友状态
[DEBUG] [main] 05-09 16:25:01,655 [SmartQQClient] - 开始获取登录用户信息
[INFO] [main] 05-09 16:25:01,867 [SmartQQClient] - 巧克力，欢迎！
[DEBUG] [Thread-1] 05-09 16:25:01,867 [SmartQQClient] - 开始接收消息
[DEBUG] [Thread-1] 05-09 16:25:11,877 [SmartQQClient] - 开始接收消息
[INFO] [Thread-1] 05-09 16:25:12,321 [MessageCallbackFacade] - onMessage：阿萨德
[INFO] [Thread-1] 05-09 16:25:13,035 [TurningCommon] - 阿道夫的撒阿萨德啦
[INFO] [main] 05-09 16:25:17,732 [MessageCallbackFacade] - 初始化回调器com.scienjus.smartqq.turning.TurningCallback
[DEBUG] [main] 05-09 16:25:18,166 [SmartQQClient] - 开始获取二维码
[INFO] [main] 05-09 16:25:18,761 [SmartQQClient] - 二维码已保存在 D:\Document\Other\smartqq\qrcode.png 文件中，请打开手机QQ并扫描二维码
[DEBUG] [main] 05-09 16:25:18,761 [SmartQQClient] - 等待扫描二维码
[DEBUG] [Thread-1] 05-09 16:25:22,779 [SmartQQClient] - 开始发送消息
[DEBUG] [Thread-1] 05-09 16:25:22,950 [SmartQQClient] - 发送成功
[DEBUG] [Thread-1] 05-09 16:25:22,950 [SmartQQClient] - 开始接收消息
